#
# There is insufficient memory for the Java Runtime Environment to continue.
# Native memory allocation (malloc) failed to allocate 1166096 bytes for Chunk::new
# Possible reasons:
#   The system is out of physical RAM or swap space
#   The process is running with CompressedOops enabled, and the Java Heap may be blocking the growth of the native heap
# Possible solutions:
#   Reduce memory load on the system
#   Increase physical memory or swap space
#   Check if swap backing store is full
#   Decrease Java heap size (-Xmx/-Xms)
#   Decrease number of Java threads
#   Decrease Java thread stack sizes (-Xss)
#   Set larger code cache with -XX:ReservedCodeCacheSize=
#   JVM is running with Unscaled Compressed Oops mode in which the Java heap is
#     placed in the first 4GB address space. The Java Heap base address is the
#     maximum limit for the native heap growth. Please use -XX:HeapBaseMinAddress
#     to set the Java Heap base and to place the Java Heap above 4GB virtual address.
# This output file may be truncated or incomplete.
#
#  Out of Memory Error (./src/hotspot/share/memory/arena.cpp:197), pid=20536, tid=25332
#
# JRE version: OpenJDK Runtime Environment (11.0.8+10) (build 11.0.8+10-b944.6842174)
# Java VM: OpenJDK 64-Bit Server VM (11.0.8+10-b944.6842174, mixed mode, tiered, compressed oops, g1 gc, windows-amd64)
# No core dump will be written. Minidumps are not enabled by default on client versions of Windows
#

---------------  S U M M A R Y ------------

Command Line: --add-opens=java.base/java.util=ALL-UNNAMED --add-opens=java.base/java.lang=ALL-UNNAMED --add-opens=java.base/java.lang.invoke=ALL-UNNAMED --add-opens=java.prefs/java.util.prefs=ALL-UNNAMED -Xmx2048m -Dfile.encoding=UTF-8 -Duser.country=IN -Duser.language=en -Duser.variant org.gradle.launcher.daemon.bootstrap.GradleDaemon 6.7.1

Host: Intel(R) Core(TM) i5-10210U CPU @ 1.60GHz, 8 cores, 7G,  Windows 10 , 64 bit Build 19041 (10.0.19041.1151)
Time: Wed Sep  8 02:49:40 2021 India Standard Time elapsed time: 9 seconds (0d 0h 0m 9s)

---------------  T H R E A D  ---------------

Current thread (0x0000023826729000):  JavaThread "C2 CompilerThread0" daemon [_thread_in_native, id=25332, stack(0x000000ff43400000,0x000000ff43500000)]


Current CompileTask:
C2:   9333 3137       4       org.objectweb.asm.Frame::execute (2318 bytes)

Stack: [0x000000ff43400000,0x000000ff43500000]
Native frames: (J=compiled Java code, j=interpreted, Vv=VM code, C=native code)
V  [jvm.dll+0x5de50a]
V  [jvm.dll+0x7122f5]
V  [jvm.dll+0x71384d]
V  [jvm.dll+0x713f03]
V  [jvm.dll+0x23e728]
V  [jvm.dll+0xb899c]
V  [jvm.dll+0xb8e9c]
V  [jvm.dll+0x2b20e4]
V  [jvm.dll+0x502098]
V  [jvm.dll+0x1ff393]
V  [jvm.dll+0x1f917c]
V  [jvm.dll+0x1f685f]
V  [jvm.dll+0x17f32c]
V  [jvm.dll+0x205047]
V  [jvm.dll+0x203891]
V  [jvm.dll+0x6dad3f]
V  [jvm.dll+0x6d3895]
V  [jvm.dll+0x5dd4a6]
C  [ucrtbase.dll+0x21bb2]
C  [KERNEL32.DLL+0x17034]
C  [ntdll.dll+0x52651]


---------------  P R O C E S S  ---------------

Threads class SMR info:
_java_thread_list=0x0000023829d31880, length=30, elements={
0x000002380bc1b000, 0x0000023826712000, 0x000002382671b800, 0x00000238270a2800,
0x0000023826727000, 0x0000023826729000, 0x000002382673b800, 0x000002382673d000,
0x00000238271f8800, 0x0000023827204000, 0x0000023828426800, 0x00000238284c7800,
0x0000023827d50000, 0x0000023827f12800, 0x00000238290b9800, 0x00000238288d4000,
0x000002382909c800, 0x00000238288b6000, 0x00000238286c5800, 0x00000238286c6000,
0x00000238289fa000, 0x00000238289f8800, 0x00000238289f5800, 0x00000238289fb000,
0x00000238289fc000, 0x00000238289f6000, 0x00000238289f7000, 0x00000238289f7800,
0x00000238289f9800, 0x0000023829792000
}

Java Threads: ( => current thread )
  0x000002380bc1b000 JavaThread "main" [_thread_blocked, id=8444, stack(0x000000ff42900000,0x000000ff42a00000)]
  0x0000023826712000 JavaThread "Reference Handler" daemon [_thread_blocked, id=24832, stack(0x000000ff43000000,0x000000ff43100000)]
  0x000002382671b800 JavaThread "Finalizer" daemon [_thread_blocked, id=24808, stack(0x000000ff43100000,0x000000ff43200000)]
  0x00000238270a2800 JavaThread "Signal Dispatcher" daemon [_thread_blocked, id=10000, stack(0x000000ff43200000,0x000000ff43300000)]
  0x0000023826727000 JavaThread "Attach Listener" daemon [_thread_blocked, id=23276, stack(0x000000ff43300000,0x000000ff43400000)]
=>0x0000023826729000 JavaThread "C2 CompilerThread0" daemon [_thread_in_native, id=25332, stack(0x000000ff43400000,0x000000ff43500000)]
  0x000002382673b800 JavaThread "C1 CompilerThread0" daemon [_thread_blocked, id=7464, stack(0x000000ff43500000,0x000000ff43600000)]
  0x000002382673d000 JavaThread "Sweeper thread" daemon [_thread_blocked, id=15428, stack(0x000000ff43600000,0x000000ff43700000)]
  0x00000238271f8800 JavaThread "Common-Cleaner" daemon [_thread_blocked, id=24548, stack(0x000000ff43700000,0x000000ff43800000)]
  0x0000023827204000 JavaThread "Service Thread" daemon [_thread_blocked, id=12264, stack(0x000000ff43800000,0x000000ff43900000)]
  0x0000023828426800 JavaThread "Daemon health stats" [_thread_blocked, id=6556, stack(0x000000ff43c00000,0x000000ff43d00000)]
  0x00000238284c7800 JavaThread "Incoming local TCP Connector on port 56216" [_thread_in_native, id=21864, stack(0x000000ff43f00000,0x000000ff44000000)]
  0x0000023827d50000 JavaThread "Daemon periodic checks" [_thread_blocked, id=15892, stack(0x000000ff44000000,0x000000ff44100000)]
  0x0000023827f12800 JavaThread "Daemon" [_thread_blocked, id=6804, stack(0x000000ff44100000,0x000000ff44200000)]
  0x00000238290b9800 JavaThread "Handler for socket connection from /127.0.0.1:56216 to /127.0.0.1:56217" [_thread_in_native, id=18092, stack(0x000000ff44200000,0x000000ff44300000)]
  0x00000238288d4000 JavaThread "Cancel handler" [_thread_blocked, id=15896, stack(0x000000ff44300000,0x000000ff44400000)]
  0x000002382909c800 JavaThread "Daemon worker" [_thread_in_vm, id=25512, stack(0x000000ff44400000,0x000000ff44500000)]
  0x00000238288b6000 JavaThread "Asynchronous log dispatcher for DefaultDaemonConnection: socket connection from /127.0.0.1:56216 to /127.0.0.1:56217" [_thread_blocked, id=23336, stack(0x000000ff44500000,0x000000ff44600000)]
  0x00000238286c5800 JavaThread "Stdin handler" [_thread_blocked, id=23048, stack(0x000000ff44600000,0x000000ff44700000)]
  0x00000238286c6000 JavaThread "Thread-8" [_thread_blocked, id=16868, stack(0x000000ff44700000,0x000000ff44800000)]
  0x00000238289fa000 JavaThread "Cache worker for file hash cache (C:\Users\Prithin\.gradle\caches\6.7.1\fileHashes)" [_thread_blocked, id=25560, stack(0x000000ff44d00000,0x000000ff44e00000)]
  0x00000238289f8800 JavaThread "File lock request listener" [_thread_in_native, id=12800, stack(0x000000ff44e00000,0x000000ff44f00000)]
  0x00000238289f5800 JavaThread "Cache worker for journal cache (C:\Users\Prithin\.gradle\caches\journal-1)" [_thread_blocked, id=19404, stack(0x000000ff45000000,0x000000ff45100000)]
  0x00000238289fb000 JavaThread "Cache worker for file hash cache (C:\Users\Prithin\AndroidStudioProjects\Shopify\.gradle\6.7.1\fileHashes)" [_thread_blocked, id=24272, stack(0x000000ff45100000,0x000000ff45200000)]
  0x00000238289fc000 JavaThread "Cache worker for checksums cache (C:\Users\Prithin\AndroidStudioProjects\Shopify\.gradle\checksums)" [_thread_blocked, id=8644, stack(0x000000ff45200000,0x000000ff45300000)]
  0x00000238289f6000 JavaThread "Cache worker for cache directory md-supplier (C:\Users\Prithin\.gradle\caches\6.7.1\md-supplier)" [_thread_blocked, id=23596, stack(0x000000ff45300000,0x000000ff45400000)]
  0x00000238289f7000 JavaThread "Cache worker for cache directory md-rule (C:\Users\Prithin\.gradle\caches\6.7.1\md-rule)" [_thread_blocked, id=9560, stack(0x000000ff45400000,0x000000ff45500000)]
  0x00000238289f7800 JavaThread "Cache worker for execution history cache (C:\Users\Prithin\.gradle\caches\6.7.1\executionHistory)" [_thread_blocked, id=19652, stack(0x000000ff45500000,0x000000ff45600000)]
  0x00000238289f9800 JavaThread "jar transforms" [_thread_blocked, id=7680, stack(0x000000ff45600000,0x000000ff45700000)]
  0x0000023829792000 JavaThread "Cache worker for file content cache (C:\Users\Prithin\.gradle\caches\6.7.1\fileContent)" [_thread_blocked, id=16752, stack(0x000000ff45700000,0x000000ff45800000)]

Other Threads:
  0x000002382670e000 VMThread "VM Thread" [stack: 0x000000ff42f00000,0x000000ff43000000] [id=20484]
  0x0000023827205000 WatcherThread [stack: 0x000000ff43900000,0x000000ff43a00000] [id=22868]
  0x000002380bc33800 GCTaskThread "GC Thread#0" [stack: 0x000000ff42a00000,0x000000ff42b00000] [id=25120]
  0x0000023827c41800 GCTaskThread "GC Thread#1" [stack: 0x000000ff43a00000,0x000000ff43b00000] [id=22752]
  0x0000023827ba9800 GCTaskThread "GC Thread#2" [stack: 0x000000ff43b00000,0x000000ff43c00000] [id=6504]
  0x0000023828ba6800 GCTaskThread "GC Thread#3" [stack: 0x000000ff44800000,0x000000ff44900000] [id=20196]
  0x0000023828c16800 GCTaskThread "GC Thread#4" [stack: 0x000000ff44900000,0x000000ff44a00000] [id=18512]
  0x0000023828c17000 GCTaskThread "GC Thread#5" [stack: 0x000000ff44a00000,0x000000ff44b00000] [id=17020]
  0x00000238290c4000 GCTaskThread "GC Thread#6" [stack: 0x000000ff44b00000,0x000000ff44c00000] [id=25524]
  0x00000238290c5000 GCTaskThread "GC Thread#7" [stack: 0x000000ff44c00000,0x000000ff44d00000] [id=21084]
  0x000002380bc65800 ConcurrentGCThread "G1 Main Marker" [stack: 0x000000ff42b00000,0x000000ff42c00000] [id=10740]
  0x000002380bc6c000 ConcurrentGCThread "G1 Conc#0" [stack: 0x000000ff42c00000,0x000000ff42d00000] [id=2032]
  0x0000023828ada800 ConcurrentGCThread "G1 Conc#1" [stack: 0x000000ff44f00000,0x000000ff45000000] [id=19988]
  0x0000023826560800 ConcurrentGCThread "G1 Refine#0" [stack: 0x000000ff42d00000,0x000000ff42e00000] [id=21032]
  0x0000023826561800 ConcurrentGCThread "G1 Young RemSet Sampling" [stack: 0x000000ff42e00000,0x000000ff42f00000] [id=3676]

Threads with active compile tasks:
C2 CompilerThread0   9401 3137       4       org.objectweb.asm.Frame::execute (2318 bytes)

VM state:not at safepoint (normal execution)

VM Mutex/Monitor currently owned by a thread: None

Heap address: 0x0000000080000000, size: 2048 MB, Compressed Oops mode: 32-bit
Narrow klass base: 0x0000000000000000, Narrow klass shift: 3
Compressed class space size: 1073741824 Address: 0x0000000100000000

Heap:
 garbage-first heap   total 129024K, used 32745K [0x0000000080000000, 0x0000000100000000)
  region size 1024K, 15 young (15360K), 7 survivors (7168K)
 Metaspace       used 41006K, capacity 41799K, committed 41984K, reserved 1085440K
  class space    used 5238K, capacity 5536K, committed 5632K, reserved 1048576K
Heap Regions: E=young(eden), S=young(survivor), O=old, HS=humongous(starts), HC=humongous(continues), CS=collection set, F=free, A=archive, TAMS=top-at-mark-start (previous, next)
|   0|0x0000000080000000, 0x0000000080100000, 0x0000000080100000|100%| O|  |TAMS 0x0000000080100000, 0x0000000080000000| Untracked 
|   1|0x0000000080100000, 0x0000000080200000, 0x0000000080200000|100%| O|  |TAMS 0x0000000080200000, 0x0000000080100000| Untracked 
|   2|0x0000000080200000, 0x0000000080300000, 0x0000000080300000|100%| O|  |TAMS 0x0000000080300000, 0x0000000080200000| Untracked 
|   3|0x0000000080300000, 0x0000000080400000, 0x0000000080400000|100%|HS|  |TAMS 0x0000000080400000, 0x0000000080300000| Complete 
|   4|0x0000000080400000, 0x0000000080500000, 0x0000000080500000|100%|HC|  |TAMS 0x0000000080500000, 0x0000000080400000| Complete 
|   5|0x0000000080500000, 0x0000000080600000, 0x0000000080600000|100%|HC|  |TAMS 0x0000000080600000, 0x0000000080500000| Complete 
|   6|0x0000000080600000, 0x0000000080700000, 0x0000000080700000|100%| O|  |TAMS 0x0000000080700000, 0x0000000080600000| Untracked 
|   7|0x0000000080700000, 0x0000000080800000, 0x0000000080800000|100%| O|  |TAMS 0x0000000080800000, 0x0000000080700000| Untracked 
|   8|0x0000000080800000, 0x0000000080900000, 0x0000000080900000|100%| O|  |TAMS 0x0000000080900000, 0x0000000080800000| Untracked 
|   9|0x0000000080900000, 0x0000000080a00000, 0x0000000080a00000|100%| O|  |TAMS 0x0000000080a00000, 0x0000000080900000| Untracked 
|  10|0x0000000080a00000, 0x0000000080b00000, 0x0000000080b00000|100%| O|  |TAMS 0x0000000080b00000, 0x0000000080a00000| Untracked 
|  11|0x0000000080b00000, 0x0000000080c00000, 0x0000000080c00000|100%| O|  |TAMS 0x0000000080c00000, 0x0000000080b00000| Untracked 
|  12|0x0000000080c00000, 0x0000000080d00000, 0x0000000080d00000|100%| O|  |TAMS 0x0000000080d00000, 0x0000000080c00000| Untracked 
|  13|0x0000000080d00000, 0x0000000080e00000, 0x0000000080e00000|100%| O|  |TAMS 0x0000000080e00000, 0x0000000080d00000| Untracked 
|  14|0x0000000080e00000, 0x0000000080f00000, 0x0000000080f00000|100%| O|  |TAMS 0x0000000080f00000, 0x0000000080e00000| Untracked 
|  15|0x0000000080f00000, 0x0000000081000000, 0x0000000081000000|100%| O|  |TAMS 0x0000000080fe0c00, 0x0000000080f00000| Untracked 
|  16|0x0000000081000000, 0x0000000081000000, 0x0000000081100000|  0%| F|  |TAMS 0x0000000081000000, 0x0000000081000000| Untracked 
|  17|0x0000000081100000, 0x0000000081100000, 0x0000000081200000|  0%| F|  |TAMS 0x0000000081100000, 0x0000000081100000| Untracked 
|  18|0x0000000081200000, 0x0000000081200000, 0x0000000081300000|  0%| F|  |TAMS 0x0000000081200000, 0x0000000081200000| Untracked 
|  19|0x0000000081300000, 0x0000000081300000, 0x0000000081400000|  0%| F|  |TAMS 0x0000000081300000, 0x0000000081300000| Untracked 
|  20|0x0000000081400000, 0x0000000081500000, 0x0000000081500000|100%| O|  |TAMS 0x0000000081400000, 0x0000000081400000| Untracked 
|  21|0x0000000081500000, 0x0000000081600000, 0x0000000081600000|100%| O|  |TAMS 0x0000000081500000, 0x0000000081500000| Untracked 
|  22|0x0000000081600000, 0x000000008161b600, 0x0000000081700000| 10%| O|  |TAMS 0x0000000081600000, 0x0000000081600000| Untracked 
|  23|0x0000000081700000, 0x0000000081700000, 0x0000000081800000|  0%| F|  |TAMS 0x0000000081700000, 0x0000000081700000| Untracked 
|  24|0x0000000081800000, 0x0000000081800000, 0x0000000081900000|  0%| F|  |TAMS 0x0000000081800000, 0x0000000081800000| Untracked 
|  25|0x0000000081900000, 0x0000000081900000, 0x0000000081a00000|  0%| F|  |TAMS 0x0000000081900000, 0x0000000081900000| Untracked 
|  26|0x0000000081a00000, 0x0000000081a00000, 0x0000000081b00000|  0%| F|  |TAMS 0x0000000081a00000, 0x0000000081a00000| Untracked 
|  27|0x0000000081b00000, 0x0000000081b00000, 0x0000000081c00000|  0%| F|  |TAMS 0x0000000081b00000, 0x0000000081b00000| Untracked 
|  28|0x0000000081c00000, 0x0000000081c00000, 0x0000000081d00000|  0%| F|  |TAMS 0x0000000081c00000, 0x0000000081c00000| Untracked 
|  29|0x0000000081d00000, 0x0000000081d00000, 0x0000000081e00000|  0%| F|  |TAMS 0x0000000081d00000, 0x0000000081d00000| Untracked 
|  30|0x0000000081e00000, 0x0000000081e00000, 0x0000000081f00000|  0%| F|  |TAMS 0x0000000081e00000, 0x0000000081e00000| Untracked 
|  31|0x0000000081f00000, 0x0000000081f00000, 0x0000000082000000|  0%| F|  |TAMS 0x0000000081f00000, 0x0000000081f00000| Untracked 
|  32|0x0000000082000000, 0x0000000082000000, 0x0000000082100000|  0%| F|  |TAMS 0x0000000082000000, 0x0000000082000000| Untracked 
|  33|0x0000000082100000, 0x0000000082100000, 0x0000000082200000|  0%| F|  |TAMS 0x0000000082100000, 0x0000000082100000| Untracked 
|  34|0x0000000082200000, 0x0000000082200000, 0x0000000082300000|  0%| F|  |TAMS 0x0000000082200000, 0x0000000082200000| Untracked 
|  35|0x0000000082300000, 0x0000000082300000, 0x0000000082400000|  0%| F|  |TAMS 0x0000000082300000, 0x0000000082300000| Untracked 
|  36|0x0000000082400000, 0x0000000082400000, 0x0000000082500000|  0%| F|  |TAMS 0x0000000082400000, 0x0000000082400000| Untracked 
|  37|0x0000000082500000, 0x0000000082500000, 0x0000000082600000|  0%| F|  |TAMS 0x0000000082500000, 0x0000000082500000| Untracked 
|  38|0x0000000082600000, 0x0000000082600000, 0x0000000082700000|  0%| F|  |TAMS 0x0000000082600000, 0x0000000082600000| Untracked 
|  39|0x0000000082700000, 0x0000000082700000, 0x0000000082800000|  0%| F|  |TAMS 0x0000000082700000, 0x0000000082700000| Untracked 
|  40|0x0000000082800000, 0x0000000082800000, 0x0000000082900000|  0%| F|  |TAMS 0x0000000082800000, 0x0000000082800000| Untracked 
|  41|0x0000000082900000, 0x0000000082900000, 0x0000000082a00000|  0%| F|  |TAMS 0x0000000082900000, 0x0000000082900000| Untracked 
|  42|0x0000000082a00000, 0x0000000082a00000, 0x0000000082b00000|  0%| F|  |TAMS 0x0000000082a00000, 0x0000000082a00000| Untracked 
|  43|0x0000000082b00000, 0x0000000082b00000, 0x0000000082c00000|  0%| F|  |TAMS 0x0000000082b00000, 0x0000000082b00000| Untracked 
|  44|0x0000000082c00000, 0x0000000082c00000, 0x0000000082d00000|  0%| F|  |TAMS 0x0000000082c00000, 0x0000000082c00000| Untracked 
|  45|0x0000000082d00000, 0x0000000082d00000, 0x0000000082e00000|  0%| F|  |TAMS 0x0000000082d00000, 0x0000000082d00000| Untracked 
|  46|0x0000000082e00000, 0x0000000082e00000, 0x0000000082f00000|  0%| F|  |TAMS 0x0000000082e00000, 0x0000000082e00000| Untracked 
|  47|0x0000000082f00000, 0x0000000082f00000, 0x0000000083000000|  0%| F|  |TAMS 0x0000000082f00000, 0x0000000082f00000| Untracked 
|  48|0x0000000083000000, 0x0000000083000000, 0x0000000083100000|  0%| F|  |TAMS 0x0000000083000000, 0x0000000083000000| Untracked 
|  49|0x0000000083100000, 0x0000000083100000, 0x0000000083200000|  0%| F|  |TAMS 0x0000000083100000, 0x0000000083100000| Untracked 
|  50|0x0000000083200000, 0x0000000083200000, 0x0000000083300000|  0%| F|  |TAMS 0x0000000083200000, 0x0000000083200000| Untracked 
|  51|0x0000000083300000, 0x0000000083300000, 0x0000000083400000|  0%| F|  |TAMS 0x0000000083300000, 0x0000000083300000| Untracked 
|  52|0x0000000083400000, 0x0000000083400000, 0x0000000083500000|  0%| F|  |TAMS 0x0000000083400000, 0x0000000083400000| Untracked 
|  53|0x0000000083500000, 0x0000000083500000, 0x0000000083600000|  0%| F|  |TAMS 0x0000000083500000, 0x0000000083500000| Untracked 
|  54|0x0000000083600000, 0x0000000083600000, 0x0000000083700000|  0%| F|  |TAMS 0x0000000083600000, 0x0000000083600000| Untracked 
|  55|0x0000000083700000, 0x0000000083700000, 0x0000000083800000|  0%| F|  |TAMS 0x0000000083700000, 0x0000000083700000| Untracked 
|  56|0x0000000083800000, 0x0000000083800000, 0x0000000083900000|  0%| F|  |TAMS 0x0000000083800000, 0x0000000083800000| Untracked 
|  57|0x0000000083900000, 0x0000000083900000, 0x0000000083a00000|  0%| F|  |TAMS 0x0000000083900000, 0x0000000083900000| Untracked 
|  58|0x0000000083a00000, 0x0000000083adef80, 0x0000000083b00000| 87%| S|CS|TAMS 0x0000000083a00000, 0x0000000083a00000| Complete 
|  59|0x0000000083b00000, 0x0000000083c00000, 0x0000000083c00000|100%| S|CS|TAMS 0x0000000083b00000, 0x0000000083b00000| Complete 
|  60|0x0000000083c00000, 0x0000000083d00000, 0x0000000083d00000|100%| S|CS|TAMS 0x0000000083c00000, 0x0000000083c00000| Complete 
|  61|0x0000000083d00000, 0x0000000083e00000, 0x0000000083e00000|100%| S|CS|TAMS 0x0000000083d00000, 0x0000000083d00000| Complete 
|  62|0x0000000083e00000, 0x0000000083f00000, 0x0000000083f00000|100%| S|CS|TAMS 0x0000000083e00000, 0x0000000083e00000| Complete 
|  63|0x0000000083f00000, 0x0000000084000000, 0x0000000084000000|100%| S|CS|TAMS 0x0000000083f00000, 0x0000000083f00000| Complete 
|  64|0x0000000084000000, 0x0000000084100000, 0x0000000084100000|100%| S|CS|TAMS 0x0000000084000000, 0x0000000084000000| Complete 
|  65|0x0000000084100000, 0x0000000084100000, 0x0000000084200000|  0%| F|  |TAMS 0x0000000084100000, 0x0000000084100000| Untracked 
|  66|0x0000000084200000, 0x0000000084200000, 0x0000000084300000|  0%| F|  |TAMS 0x0000000084200000, 0x0000000084200000| Untracked 
|  67|0x0000000084300000, 0x0000000084300000, 0x0000000084400000|  0%| F|  |TAMS 0x0000000084300000, 0x0000000084300000| Untracked 
|  68|0x0000000084400000, 0x0000000084400000, 0x0000000084500000|  0%| F|  |TAMS 0x0000000084400000, 0x0000000084400000| Untracked 
|  69|0x0000000084500000, 0x0000000084500000, 0x0000000084600000|  0%| F|  |TAMS 0x0000000084500000, 0x0000000084500000| Untracked 
|  70|0x0000000084600000, 0x0000000084600000, 0x0000000084700000|  0%| F|  |TAMS 0x0000000084600000, 0x0000000084600000| Untracked 
|  71|0x0000000084700000, 0x0000000084700000, 0x0000000084800000|  0%| F|  |TAMS 0x0000000084700000, 0x0000000084700000| Untracked 
|  72|0x0000000084800000, 0x0000000084800000, 0x0000000084900000|  0%| F|  |TAMS 0x0000000084800000, 0x0000000084800000| Untracked 
|  73|0x0000000084900000, 0x0000000084900000, 0x0000000084a00000|  0%| F|  |TAMS 0x0000000084900000, 0x0000000084900000| Untracked 
|  74|0x0000000084a00000, 0x0000000084a00000, 0x0000000084b00000|  0%| F|  |TAMS 0x0000000084a00000, 0x0000000084a00000| Untracked 
|  75|0x0000000084b00000, 0x0000000084b00000, 0x0000000084c00000|  0%| F|  |TAMS 0x0000000084b00000, 0x0000000084b00000| Untracked 
|  76|0x0000000084c00000, 0x0000000084c00000, 0x0000000084d00000|  0%| F|  |TAMS 0x0000000084c00000, 0x0000000084c00000| Untracked 
|  77|0x0000000084d00000, 0x0000000084d00000, 0x0000000084e00000|  0%| F|  |TAMS 0x0000000084d00000, 0x0000000084d00000| Untracked 
|  78|0x0000000084e00000, 0x0000000084e00000, 0x0000000084f00000|  0%| F|  |TAMS 0x0000000084e00000, 0x0000000084e00000| Untracked 
|  79|0x0000000084f00000, 0x0000000084f00000, 0x0000000085000000|  0%| F|  |TAMS 0x0000000084f00000, 0x0000000084f00000| Untracked 
|  80|0x0000000085000000, 0x0000000085000000, 0x0000000085100000|  0%| F|  |TAMS 0x0000000085000000, 0x0000000085000000| Untracked 
|  81|0x0000000085100000, 0x0000000085100000, 0x0000000085200000|  0%| F|  |TAMS 0x0000000085100000, 0x0000000085100000| Untracked 
|  82|0x0000000085200000, 0x0000000085200000, 0x0000000085300000|  0%| F|  |TAMS 0x0000000085200000, 0x0000000085200000| Untracked 
|  83|0x0000000085300000, 0x0000000085300000, 0x0000000085400000|  0%| F|  |TAMS 0x0000000085300000, 0x0000000085300000| Untracked 
|  84|0x0000000085400000, 0x0000000085400000, 0x0000000085500000|  0%| F|  |TAMS 0x0000000085400000, 0x0000000085400000| Untracked 
|  85|0x0000000085500000, 0x0000000085500000, 0x0000000085600000|  0%| F|  |TAMS 0x0000000085500000, 0x0000000085500000| Untracked 
|  86|0x0000000085600000, 0x0000000085600000, 0x0000000085700000|  0%| F|  |TAMS 0x0000000085600000, 0x0000000085600000| Untracked 
|  87|0x0000000085700000, 0x0000000085700000, 0x0000000085800000|  0%| F|  |TAMS 0x0000000085700000, 0x0000000085700000| Untracked 
|  88|0x0000000085800000, 0x0000000085800000, 0x0000000085900000|  0%| F|  |TAMS 0x0000000085800000, 0x0000000085800000| Untracked 
|  89|0x0000000085900000, 0x0000000085900000, 0x0000000085a00000|  0%| F|  |TAMS 0x0000000085900000, 0x0000000085900000| Untracked 
|  90|0x0000000085a00000, 0x0000000085a00000, 0x0000000085b00000|  0%| F|  |TAMS 0x0000000085a00000, 0x0000000085a00000| Untracked 
|  91|0x0000000085b00000, 0x0000000085b00000, 0x0000000085c00000|  0%| F|  |TAMS 0x0000000085b00000, 0x0000000085b00000| Untracked 
|  92|0x0000000085c00000, 0x0000000085c00000, 0x0000000085d00000|  0%| F|  |TAMS 0x0000000085c00000, 0x0000000085c00000| Untracked 
|  93|0x0000000085d00000, 0x0000000085d00000, 0x0000000085e00000|  0%| F|  |TAMS 0x0000000085d00000, 0x0000000085d00000| Untracked 
|  94|0x0000000085e00000, 0x0000000085e00000, 0x0000000085f00000|  0%| F|  |TAMS 0x0000000085e00000, 0x0000000085e00000| Untracked 
|  95|0x0000000085f00000, 0x0000000085f00000, 0x0000000086000000|  0%| F|  |TAMS 0x0000000085f00000, 0x0000000085f00000| Untracked 
|  96|0x0000000086000000, 0x0000000086000000, 0x0000000086100000|  0%| F|  |TAMS 0x0000000086000000, 0x0000000086000000| Untracked 
|  97|0x0000000086100000, 0x0000000086100000, 0x0000000086200000|  0%| F|  |TAMS 0x0000000086100000, 0x0000000086100000| Untracked 
|  98|0x0000000086200000, 0x0000000086200000, 0x0000000086300000|  0%| F|  |TAMS 0x0000000086200000, 0x0000000086200000| Untracked 
|  99|0x0000000086300000, 0x0000000086300000, 0x0000000086400000|  0%| F|  |TAMS 0x0000000086300000, 0x0000000086300000| Untracked 
| 100|0x0000000086400000, 0x0000000086400000, 0x0000000086500000|  0%| F|  |TAMS 0x0000000086400000, 0x0000000086400000| Untracked 
| 101|0x0000000086500000, 0x0000000086500000, 0x0000000086600000|  0%| F|  |TAMS 0x0000000086500000, 0x0000000086500000| Untracked 
| 102|0x0000000086600000, 0x0000000086600000, 0x0000000086700000|  0%| F|  |TAMS 0x0000000086600000, 0x0000000086600000| Untracked 
| 103|0x0000000086700000, 0x0000000086700000, 0x0000000086800000|  0%| F|  |TAMS 0x0000000086700000, 0x0000000086700000| Untracked 
| 104|0x0000000086800000, 0x0000000086800000, 0x0000000086900000|  0%| F|  |TAMS 0x0000000086800000, 0x0000000086800000| Untracked 
| 105|0x0000000086900000, 0x0000000086900000, 0x0000000086a00000|  0%| F|  |TAMS 0x0000000086900000, 0x0000000086900000| Untracked 
| 106|0x0000000086a00000, 0x0000000086a00000, 0x0000000086b00000|  0%| F|  |TAMS 0x0000000086a00000, 0x0000000086a00000| Untracked 
| 107|0x0000000086b00000, 0x0000000086b00000, 0x0000000086c00000|  0%| F|  |TAMS 0x0000000086b00000, 0x0000000086b00000| Untracked 
| 108|0x0000000086c00000, 0x0000000086c00000, 0x0000000086d00000|  0%| F|  |TAMS 0x0000000086c00000, 0x0000000086c00000| Untracked 
| 109|0x0000000086d00000, 0x0000000086d00000, 0x0000000086e00000|  0%| F|  |TAMS 0x0000000086d00000, 0x0000000086d00000| Untracked 
| 110|0x0000000086e00000, 0x0000000086e00000, 0x0000000086f00000|  0%| F|  |TAMS 0x0000000086e00000, 0x0000000086e00000| Untracked 
| 111|0x0000000086f00000, 0x0000000086f00000, 0x0000000087000000|  0%| F|  |TAMS 0x0000000086f00000, 0x0000000086f00000| Untracked 
| 112|0x0000000087000000, 0x0000000087000000, 0x0000000087100000|  0%| F|  |TAMS 0x0000000087000000, 0x0000000087000000| Untracked 
| 113|0x0000000087100000, 0x0000000087100000, 0x0000000087200000|  0%| F|  |TAMS 0x0000000087100000, 0x0000000087100000| Untracked 
| 114|0x0000000087200000, 0x0000000087200000, 0x0000000087300000|  0%| F|  |TAMS 0x0000000087200000, 0x0000000087200000| Untracked 
| 115|0x0000000087300000, 0x0000000087300000, 0x0000000087400000|  0%| F|  |TAMS 0x0000000087300000, 0x0000000087300000| Untracked 
| 116|0x0000000087400000, 0x0000000087400000, 0x0000000087500000|  0%| F|  |TAMS 0x0000000087400000, 0x0000000087400000| Untracked 
| 117|0x0000000087500000, 0x0000000087500000, 0x0000000087600000|  0%| F|  |TAMS 0x0000000087500000, 0x0000000087500000| Untracked 
| 118|0x0000000087600000, 0x0000000087700000, 0x0000000087700000|100%| E|  |TAMS 0x0000000087600000, 0x0000000087600000| Complete 
| 119|0x0000000087700000, 0x0000000087800000, 0x0000000087800000|100%| E|CS|TAMS 0x0000000087700000, 0x0000000087700000| Complete 
| 120|0x0000000087800000, 0x0000000087900000, 0x0000000087900000|100%| E|CS|TAMS 0x0000000087800000, 0x0000000087800000| Complete 
| 121|0x0000000087900000, 0x0000000087a00000, 0x0000000087a00000|100%| E|CS|TAMS 0x0000000087900000, 0x0000000087900000| Complete 
| 122|0x0000000087a00000, 0x0000000087b00000, 0x0000000087b00000|100%| E|CS|TAMS 0x0000000087a00000, 0x0000000087a00000| Complete 
| 123|0x0000000087b00000, 0x0000000087c00000, 0x0000000087c00000|100%| E|CS|TAMS 0x0000000087b00000, 0x0000000087b00000| Complete 
| 124|0x0000000087c00000, 0x0000000087d00000, 0x0000000087d00000|100%| E|CS|TAMS 0x0000000087c00000, 0x0000000087c00000| Complete 
| 125|0x0000000087d00000, 0x0000000087e00000, 0x0000000087e00000|100%| E|CS|TAMS 0x0000000087d00000, 0x0000000087d00000| Complete 

Card table byte_map: [0x000002381f430000,0x000002381f830000] _byte_map_base: 0x000002381f030000

Marking Bits (Prev, Next): (CMBitMap*) 0x000002380bc5cdf8, (CMBitMap*) 0x000002380bc5ce30
 Prev Bits: [0x000002381fc30000, 0x0000023821c30000)
 Next Bits: [0x0000023821c30000, 0x0000023823c30000)

Polling page: 0x000002380f5a0000

Metaspace:

Usage:
  Non-class:     35.48 MB capacity,    34.94 MB ( 99%) used,   466.34 KB (  1%) free+waste,    78.38 KB ( <1%) overhead. 
      Class:      5.41 MB capacity,     5.12 MB ( 95%) used,   258.88 KB (  5%) free+waste,    37.31 KB ( <1%) overhead. 
       Both:     40.88 MB capacity,    40.06 MB ( 98%) used,   725.21 KB (  2%) free+waste,   115.69 KB ( <1%) overhead. 

Virtual space:
  Non-class space:       36.00 MB reserved,      35.50 MB ( 99%) committed 
      Class space:        1.00 GB reserved,       5.50 MB ( <1%) committed 
             Both:        1.04 GB reserved,      41.00 MB (  4%) committed 

Chunk freelists:
   Non-Class:  25.00 KB
       Class:  0 bytes
        Both:  25.00 KB

MaxMetaspaceSize: 17179869184.00 GB
CompressedClassSpaceSize: 1.00 GB

CodeHeap 'non-profiled nmethods': size=120000Kb used=1412Kb max_used=1412Kb free=118587Kb
 bounds [0x0000023817090000, 0x0000023817300000, 0x000002381e5c0000]
CodeHeap 'profiled nmethods': size=120000Kb used=6386Kb max_used=6386Kb free=113613Kb
 bounds [0x000002380fb60000, 0x00000238101b0000, 0x0000023817090000]
CodeHeap 'non-nmethods': size=5760Kb used=2184Kb max_used=2211Kb free=3576Kb
 bounds [0x000002380f5c0000, 0x000002380f830000, 0x000002380fb60000]
 total_blobs=3732 nmethods=2990 adapters=653
 compilation: enabled
              stopped_count=0, restarted_count=0
 full_count=0

Compilation events (20 events):
Event: 9.310 Thread 0x000002382673b800 nmethod 3194 0x0000023810191290 code [0x0000023810191520, 0x00000238101923c8]
Event: 9.310 Thread 0x000002382673b800 3195       3       sun.reflect.generics.reflectiveObjects.LazyReflectiveObjectGenerator::<init> (10 bytes)
Event: 9.310 Thread 0x000002382673b800 nmethod 3195 0x0000023810192810 code [0x00000238101929c0, 0x0000023810192b78]
Event: 9.310 Thread 0x000002382673b800 3196       3       java.util.TreeMap$EntryIterator::next (5 bytes)
Event: 9.311 Thread 0x000002382673b800 nmethod 3196 0x0000023810192c10 code [0x0000023810192de0, 0x0000023810192f68]
Event: 9.311 Thread 0x000002382673b800 3197       3       java.util.TreeMap$EntryIterator::next (5 bytes)
Event: 9.311 Thread 0x000002382673b800 nmethod 3197 0x0000023810193010 code [0x00000238101931c0, 0x00000238101932e8]
Event: 9.312 Thread 0x000002382673b800 3198       3       java.util.HashMap::values (25 bytes)
Event: 9.312 Thread 0x000002382673b800 nmethod 3198 0x0000023810193390 code [0x0000023810193560, 0x00000238101938d8]
Event: 9.312 Thread 0x000002382673b800 3199       3       java.util.Collections$UnmodifiableMap$UnmodifiableEntrySet$1::next (5 bytes)
Event: 9.313 Thread 0x000002382673b800 nmethod 3199 0x0000023810193a10 code [0x0000023810193c20, 0x0000023810194318]
Event: 9.313 Thread 0x000002382673b800 3200       3       java.util.Collections$UnmodifiableMap$UnmodifiableEntrySet$1::next (20 bytes)
Event: 9.313 Thread 0x000002382673b800 nmethod 3200 0x0000023810194510 code [0x0000023810194720, 0x0000023810194db8]
Event: 9.313 Thread 0x000002382673b800 3201       3       java.util.Collections$UnmodifiableMap$UnmodifiableEntrySet$UnmodifiableEntry::<init> (16 bytes)
Event: 9.313 Thread 0x000002382673b800 nmethod 3201 0x0000023810194f90 code [0x0000023810195180, 0x0000023810195588]
Event: 9.313 Thread 0x000002382673b800 3202       3       java.util.Collections$UnmodifiableMap$UnmodifiableEntrySet$UnmodifiableEntry::getKey (10 bytes)
Event: 9.313 Thread 0x000002382673b800 nmethod 3202 0x0000023810195710 code [0x00000238101958c0, 0x0000023810195a88]
Event: 9.326 Thread 0x000002382673b800 3203       1       org.gradle.internal.instantiation.generator.AbstractClassGenerator$PropertyMetadata::field (6 bytes)
Event: 9.326 Thread 0x000002382673b800 nmethod 3203 0x00000238171f0190 code [0x00000238171f0340, 0x00000238171f0438]
Event: 9.326 Thread 0x000002382673b800 3204       3       java.lang.Class::createAnnotationData (195 bytes)

GC Heap History (12 events):
Event: 1.264 GC heap before
{Heap before GC invocations=0 (full 0):
 garbage-first heap   total 129024K, used 29696K [0x0000000080000000, 0x0000000100000000)
  region size 1024K, 24 young (24576K), 0 survivors (0K)
 Metaspace       used 10691K, capacity 10954K, committed 11264K, reserved 1058816K
  class space    used 1130K, capacity 1202K, committed 1280K, reserved 1048576K
}
Event: 1.276 GC heap after
{Heap after GC invocations=1 (full 0):
 garbage-first heap   total 129024K, used 8515K [0x0000000080000000, 0x0000000100000000)
  region size 1024K, 3 young (3072K), 3 survivors (3072K)
 Metaspace       used 10691K, capacity 10954K, committed 11264K, reserved 1058816K
  class space    used 1130K, capacity 1202K, committed 1280K, reserved 1048576K
}
Event: 4.061 GC heap before
{Heap before GC invocations=1 (full 0):
 garbage-first heap   total 129024K, used 81219K [0x0000000080000000, 0x0000000100000000)
  region size 1024K, 75 young (76800K), 3 survivors (3072K)
 Metaspace       used 18908K, capacity 19378K, committed 19584K, reserved 1067008K
  class space    used 2284K, capacity 2426K, committed 2432K, reserved 1048576K
}
Event: 4.067 GC heap after
{Heap after GC invocations=2 (full 0):
 garbage-first heap   total 129024K, used 15568K [0x0000000080000000, 0x0000000100000000)
  region size 1024K, 10 young (10240K), 10 survivors (10240K)
 Metaspace       used 18908K, capacity 19378K, committed 19584K, reserved 1067008K
  class space    used 2284K, capacity 2426K, committed 2432K, reserved 1048576K
}
Event: 4.294 GC heap before
{Heap before GC invocations=2 (full 0):
 garbage-first heap   total 129024K, used 28880K [0x0000000080000000, 0x0000000100000000)
  region size 1024K, 24 young (24576K), 10 survivors (10240K)
 Metaspace       used 20682K, capacity 21115K, committed 21248K, reserved 1067008K
  class space    used 2539K, capacity 2712K, committed 2816K, reserved 1048576K
}
Event: 4.301 GC heap after
{Heap after GC invocations=3 (full 0):
 garbage-first heap   total 129024K, used 17054K [0x0000000080000000, 0x0000000100000000)
  region size 1024K, 1 young (1024K), 1 survivors (1024K)
 Metaspace       used 20682K, capacity 21115K, committed 21248K, reserved 1067008K
  class space    used 2539K, capacity 2712K, committed 2816K, reserved 1048576K
}
Event: 4.977 GC heap before
{Heap before GC invocations=4 (full 0):
 garbage-first heap   total 129024K, used 65182K [0x0000000080000000, 0x0000000100000000)
  region size 1024K, 48 young (49152K), 1 survivors (1024K)
 Metaspace       used 26107K, capacity 26681K, committed 27008K, reserved 1073152K
  class space    used 3414K, capacity 3634K, committed 3712K, reserved 1048576K
}
Event: 4.979 GC heap after
{Heap after GC invocations=5 (full 0):
 garbage-first heap   total 129024K, used 18655K [0x0000000080000000, 0x0000000100000000)
  region size 1024K, 3 young (3072K), 3 survivors (3072K)
 Metaspace       used 26107K, capacity 26681K, committed 27008K, reserved 1073152K
  class space    used 3414K, capacity 3634K, committed 3712K, reserved 1048576K
}
Event: 7.047 GC heap before
{Heap before GC invocations=5 (full 0):
 garbage-first heap   total 129024K, used 68831K [0x0000000080000000, 0x0000000100000000)
  region size 1024K, 54 young (55296K), 3 survivors (3072K)
 Metaspace       used 35129K, capacity 35777K, committed 35840K, reserved 1081344K
  class space    used 4572K, capacity 4858K, committed 4864K, reserved 1048576K
}
Event: 7.060 GC heap after
{Heap after GC invocations=6 (full 0):
 garbage-first heap   total 129024K, used 22069K [0x0000000080000000, 0x0000000100000000)
  region size 1024K, 6 young (6144K), 6 survivors (6144K)
 Metaspace       used 35129K, capacity 35777K, committed 35840K, reserved 1081344K
  class space    used 4572K, capacity 4858K, committed 4864K, reserved 1048576K
}
Event: 9.269 GC heap before
{Heap before GC invocations=7 (full 0):
 garbage-first heap   total 129024K, used 81461K [0x0000000080000000, 0x0000000100000000)
  region size 1024K, 61 young (62464K), 6 survivors (6144K)
 Metaspace       used 40599K, capacity 41502K, committed 41600K, reserved 1085440K
  class space    used 5177K, capacity 5501K, committed 5504K, reserved 1048576K
}
Event: 9.280 GC heap after
{Heap after GC invocations=8 (full 0):
 garbage-first heap   total 129024K, used 25577K [0x0000000080000000, 0x0000000100000000)
  region size 1024K, 7 young (7168K), 7 survivors (7168K)
 Metaspace       used 40599K, capacity 41502K, committed 41600K, reserved 1085440K
  class space    used 5177K, capacity 5501K, committed 5504K, reserved 1048576K
}

Deoptimization events (20 events):
Event: 8.133 Thread 0x000002382909c800 DEOPT PACKING pc=0x000002381718c14c sp=0x000000ff444f9170
Event: 8.133 Thread 0x000002382909c800 DEOPT UNPACKING pc=0x000002380f5e74af sp=0x000000ff444f9090 mode 2
Event: 8.134 Thread 0x000002382909c800 Uncommon trap: trap_request=0xffffff4d fr.pc=0x00000238170c0514 relative=0x00000000000000d4
Event: 8.134 Thread 0x000002382909c800 Uncommon trap: reason=unstable_if action=reinterpret pc=0x00000238170c0514 method=java.util.HashMap.hash(Ljava/lang/Object;)I @ 1 c2
Event: 8.134 Thread 0x000002382909c800 DEOPT PACKING pc=0x00000238170c0514 sp=0x000000ff444f9170
Event: 8.134 Thread 0x000002382909c800 DEOPT UNPACKING pc=0x000002380f5e74af sp=0x000000ff444f90b0 mode 2
Event: 8.134 Thread 0x000002382909c800 Uncommon trap: trap_request=0xffffff4d fr.pc=0x00000238171872c4 relative=0x00000000000006c4
Event: 8.134 Thread 0x000002382909c800 Uncommon trap: reason=unstable_if action=reinterpret pc=0x00000238171872c4 method=java.util.HashMap.putVal(ILjava/lang/Object;Ljava/lang/Object;ZZ)Ljava/lang/Object; @ 85 c2
Event: 8.134 Thread 0x000002382909c800 DEOPT PACKING pc=0x00000238171872c4 sp=0x000000ff444f90a0
Event: 8.134 Thread 0x000002382909c800 DEOPT UNPACKING pc=0x000002380f5e74af sp=0x000000ff444f9058 mode 2
Event: 8.142 Thread 0x000002382909c800 Uncommon trap: trap_request=0xffffff4d fr.pc=0x00000238171b4100 relative=0x0000000000000320
Event: 8.142 Thread 0x000002382909c800 Uncommon trap: reason=unstable_if action=reinterpret pc=0x00000238171b4100 method=org.gradle.internal.reflect.PropertyAccessorType.isGetGetterName(Ljava/lang/String;)Z @ 14 c2
Event: 8.142 Thread 0x000002382909c800 DEOPT PACKING pc=0x00000238171b4100 sp=0x000000ff444f99e0
Event: 8.142 Thread 0x000002382909c800 DEOPT UNPACKING pc=0x000002380f5e74af sp=0x000000ff444f9938 mode 2
Event: 8.194 Thread 0x000002382909c800 Uncommon trap: trap_request=0xffffff4d fr.pc=0x00000238171b3a88 relative=0x00000000000000e8
Event: 8.194 Thread 0x000002382909c800 Uncommon trap: reason=unstable_if action=reinterpret pc=0x00000238171b3a88 method=org.objectweb.asm.ByteVector.putShort(I)Lorg/objectweb/asm/ByteVector; @ 13 c2
Event: 8.194 Thread 0x000002382909c800 DEOPT PACKING pc=0x00000238171b3a88 sp=0x000000ff444f95f0
Event: 8.194 Thread 0x000002382909c800 DEOPT UNPACKING pc=0x000002380f5e74af sp=0x000000ff444f9588 mode 2
Event: 8.229 Thread 0x000002382909c800 DEOPT PACKING pc=0x000002380fc2aef9 sp=0x000000ff444f9980
Event: 8.229 Thread 0x000002382909c800 DEOPT UNPACKING pc=0x000002380f5e72ce sp=0x000000ff444f8ec8 mode 0

Classes redefined (0 events):
No events

Internal exceptions (20 events):
Event: 9.008 Thread 0x000002382909c800 Exception <a 'java/lang/ClassNotFoundException'{0x000000008566fd90}: org/gradle/api/internal/project/DefaultProject_DecoratedCustomizer> (0x000000008566fd90) thrown at [./src/hotspot/share/classfile/systemDictionary.cpp, line 231]
Event: 9.043 Thread 0x000002382909c800 Exception <a 'java/lang/ClassNotFoundException'{0x0000000085136168}: org/gradle/api/internal/artifacts/dsl/DefaultRepositoryHandler_DecoratedBeanInfo> (0x0000000085136168) thrown at [./src/hotspot/share/classfile/systemDictionary.cpp, line 231]
Event: 9.044 Thread 0x000002382909c800 Exception <a 'java/lang/ClassNotFoundException'{0x0000000085166960}: org/gradle/api/internal/artifacts/dsl/DefaultRepositoryHandlerBeanInfo> (0x0000000085166960) thrown at [./src/hotspot/share/classfile/systemDictionary.cpp, line 231]
Event: 9.045 Thread 0x000002382909c800 Exception <a 'java/lang/ClassNotFoundException'{0x0000000085199658}: org/gradle/api/internal/artifacts/DefaultArtifactRepositoryContainerBeanInfo> (0x0000000085199658) thrown at [./src/hotspot/share/classfile/systemDictionary.cpp, line 231]
Event: 9.045 Thread 0x000002382909c800 Exception <a 'java/lang/ClassNotFoundException'{0x00000000851bc488}: org/gradle/api/internal/DefaultNamedDomainObjectListBeanInfo> (0x00000000851bc488) thrown at [./src/hotspot/share/classfile/systemDictionary.cpp, line 231]
Event: 9.046 Thread 0x000002382909c800 Exception <a 'java/lang/ClassNotFoundException'{0x00000000851e0050}: org/gradle/api/internal/DefaultNamedDomainObjectCollectionBeanInfo> (0x00000000851e0050) thrown at [./src/hotspot/share/classfile/systemDictionary.cpp, line 231]
Event: 9.047 Thread 0x000002382909c800 Exception <a 'java/lang/ClassNotFoundException'{0x0000000085003488}: org/gradle/api/internal/DefaultDomainObjectCollectionBeanInfo> (0x0000000085003488) thrown at [./src/hotspot/share/classfile/systemDictionary.cpp, line 231]
Event: 9.047 Thread 0x000002382909c800 Exception <a 'java/lang/ClassNotFoundException'{0x0000000085008f30}: java/util/AbstractCollectionBeanInfo> (0x0000000085008f30) thrown at [./src/hotspot/share/classfile/systemDictionary.cpp, line 231]
Event: 9.048 Thread 0x000002382909c800 Exception <a 'java/lang/ClassNotFoundException'{0x000000008500eae0}: java/util/AbstractCollectionCustomizer> (0x000000008500eae0) thrown at [./src/hotspot/share/classfile/systemDictionary.cpp, line 231]
Event: 9.052 Thread 0x000002382909c800 Exception <a 'java/lang/ClassNotFoundException'{0x000000008503a890}: org/gradle/api/internal/DefaultDomainObjectCollectionCustomizer> (0x000000008503a890) thrown at [./src/hotspot/share/classfile/systemDictionary.cpp, line 231]
Event: 9.055 Thread 0x000002382909c800 Exception <a 'java/lang/ClassNotFoundException'{0x000000008507b920}: org/gradle/api/internal/DefaultNamedDomainObjectCollectionCustomizer> (0x000000008507b920) thrown at [./src/hotspot/share/classfile/systemDictionary.cpp, line 231]
Event: 9.060 Thread 0x000002382909c800 Exception <a 'java/lang/ClassNotFoundException'{0x00000000850d04d8}: org/gradle/api/internal/DefaultNamedDomainObjectListCustomizer> (0x00000000850d04d8) thrown at [./src/hotspot/share/classfile/systemDictionary.cpp, line 231]
Event: 9.063 Thread 0x000002382909c800 Exception <a 'java/lang/ClassNotFoundException'{0x0000000084f1c860}: org/gradle/api/internal/artifacts/DefaultArtifactRepositoryContainerCustomizer> (0x0000000084f1c860) thrown at [./src/hotspot/share/classfile/systemDictionary.cpp, line 231]
Event: 9.066 Thread 0x000002382909c800 Exception <a 'java/lang/ClassNotFoundException'{0x0000000084f5e628}: org/gradle/api/internal/artifacts/dsl/DefaultRepositoryHandlerCustomizer> (0x0000000084f5e628) thrown at [./src/hotspot/share/classfile/systemDictionary.cpp, line 231]
Event: 9.069 Thread 0x000002382909c800 Exception <a 'java/lang/ClassNotFoundException'{0x0000000084fb1aa8}: org/gradle/api/internal/artifacts/dsl/DefaultRepositoryHandler_DecoratedCustomizer> (0x0000000084fb1aa8) thrown at [./src/hotspot/share/classfile/systemDictionary.cpp, line 231]
Event: 9.182 Thread 0x000002382909c800 Exception <a 'java/lang/NoSuchMethodError'{0x0000000084b30248}: 'int java.lang.invoke.DirectMethodHandle$Holder.invokeStaticInit(java.lang.Object, java.lang.Object, java.lang.Object, java.lang.Object)'> (0x0000000084b30248) thrown at [./src/hotspot/share/interpreter/linkResolver.cpp, line 773]
Event: 9.307 Thread 0x000002382909c800 Exception <a 'java/lang/ClassNotFoundException'{0x0000000087b0ef10}: org/gradle/api/internal/artifacts/dsl/dependencies/DefaultDependencyHandler_DecoratedBeanInfo> (0x0000000087b0ef10) thrown at [./src/hotspot/share/classfile/systemDictionary.cpp, line 231]
Event: 9.308 Thread 0x000002382909c800 Exception <a 'java/lang/ClassNotFoundException'{0x0000000087b43d00}: org/gradle/api/internal/artifacts/dsl/dependencies/DefaultDependencyHandlerBeanInfo> (0x0000000087b43d00) thrown at [./src/hotspot/share/classfile/systemDictionary.cpp, line 231]
Event: 9.309 Thread 0x000002382909c800 Exception <a 'java/lang/ClassNotFoundException'{0x0000000087b78dd8}: org/gradle/api/internal/artifacts/dsl/dependencies/DefaultDependencyHandlerCustomizer> (0x0000000087b78dd8) thrown at [./src/hotspot/share/classfile/systemDictionary.cpp, line 231]
Event: 9.312 Thread 0x000002382909c800 Exception <a 'java/lang/ClassNotFoundException'{0x0000000087bcd160}: org/gradle/api/internal/artifacts/dsl/dependencies/DefaultDependencyHandler_DecoratedCustomizer> (0x0000000087bcd160) thrown at [./src/hotspot/share/classfile/systemDictionary.cpp, line 231]

Events (20 events):
Event: 9.316 loading class org/gradle/api/internal/notations/DependencyStringNotationConverter$RichVersion
Event: 9.316 loading class org/gradle/api/internal/notations/DependencyStringNotationConverter$RichVersion done
Event: 9.318 loading class org/gradle/api/artifacts/DependencyArtifact
Event: 9.318 loading class org/gradle/api/artifacts/DependencyArtifact done
Event: 9.318 loading class org/gradle/api/internal/artifacts/dependencies/ModuleDependencyCapabilitiesInternal
Event: 9.318 loading class org/gradle/api/internal/artifacts/dependencies/ModuleDependencyCapabilitiesInternal done
Event: 9.319 loading class org/gradle/api/internal/artifacts/dependencies/DefaultMutableVersionConstraint
Event: 9.319 loading class org/gradle/api/internal/artifacts/dependencies/DefaultMutableVersionConstraint done
Event: 9.320 loading class org/gradle/api/internal/artifacts/VersionConstraintInternal
Event: 9.320 loading class org/gradle/api/internal/artifacts/VersionConstraintInternal done
Event: 9.321 loading class org/gradle/api/artifacts/MutableVersionConstraint
Event: 9.321 loading class org/gradle/api/artifacts/MutableVersionConstraint done
Event: 9.322 loading class org/gradle/api/internal/artifacts/dependencies/AbstractVersionConstraint
Event: 9.322 loading class org/gradle/api/internal/artifacts/dependencies/AbstractVersionConstraint done
Event: 9.323 loading class org/gradle/api/internal/artifacts/DefaultExcludeRuleContainer
Event: 9.323 loading class org/gradle/api/internal/artifacts/DefaultExcludeRuleContainer done
Event: 9.323 loading class org/gradle/api/artifacts/ExcludeRuleContainer
Event: 9.323 loading class org/gradle/api/artifacts/ExcludeRuleContainer done
Event: 9.324 loading class org/gradle/api/internal/artifacts/DependencyResolveContext
Event: 9.324 loading class org/gradle/api/internal/artifacts/DependencyResolveContext done


Dynamic libraries:
0x00007ff71e610000 - 0x00007ff71e61a000 	C:\Users\Prithin\AppData\Local\JetBrains\Toolbox\apps\AndroidStudio\ch-0\202.7486908\jre\bin\java.exe
0x00007ff8ef410000 - 0x00007ff8ef605000 	C:\WINDOWS\SYSTEM32\ntdll.dll
0x00007ff8ed500000 - 0x00007ff8ed5bd000 	C:\WINDOWS\System32\KERNEL32.DLL
0x00007ff8ecc80000 - 0x00007ff8ecf49000 	C:\WINDOWS\System32\KERNELBASE.dll
0x00007ff8ed180000 - 0x00007ff8ed280000 	C:\WINDOWS\System32\ucrtbase.dll
0x00007ff8ae6c0000 - 0x00007ff8ae6d7000 	C:\Users\Prithin\AppData\Local\JetBrains\Toolbox\apps\AndroidStudio\ch-0\202.7486908\jre\bin\VCRUNTIME140.dll
0x00007ff8a36c0000 - 0x00007ff8a36d9000 	C:\Users\Prithin\AppData\Local\JetBrains\Toolbox\apps\AndroidStudio\ch-0\202.7486908\jre\bin\jli.dll
0x00007ff8eeec0000 - 0x00007ff8ef060000 	C:\WINDOWS\System32\USER32.dll
0x00007ff8ecc50000 - 0x00007ff8ecc72000 	C:\WINDOWS\System32\win32u.dll
0x00007ff8ebf20000 - 0x00007ff8ec1ba000 	C:\WINDOWS\WinSxS\amd64_microsoft.windows.common-controls_6595b64144ccf1df_6.0.19041.1110_none_60b5254171f9507e\COMCTL32.dll
0x00007ff8ee680000 - 0x00007ff8ee6aa000 	C:\WINDOWS\System32\GDI32.dll
0x00007ff8ede70000 - 0x00007ff8edf0e000 	C:\WINDOWS\System32\msvcrt.dll
0x00007ff8ecb40000 - 0x00007ff8ecc4b000 	C:\WINDOWS\System32\gdi32full.dll
0x00007ff8ed0e0000 - 0x00007ff8ed17d000 	C:\WINDOWS\System32\msvcp_win.dll
0x00007ff8ed790000 - 0x00007ff8ed7c0000 	C:\WINDOWS\System32\IMM32.DLL
0x00007ff87eed0000 - 0x00007ff87ef6d000 	C:\Users\Prithin\AppData\Local\JetBrains\Toolbox\apps\AndroidStudio\ch-0\202.7486908\jre\bin\msvcp140.dll
0x00007ff868400000 - 0x00007ff868ebc000 	C:\Users\Prithin\AppData\Local\JetBrains\Toolbox\apps\AndroidStudio\ch-0\202.7486908\jre\bin\server\jvm.dll
0x00007ff8edba0000 - 0x00007ff8edc4c000 	C:\WINDOWS\System32\ADVAPI32.dll
0x00007ff8ef2d0000 - 0x00007ff8ef36b000 	C:\WINDOWS\System32\sechost.dll
0x00007ff8ee910000 - 0x00007ff8eea3a000 	C:\WINDOWS\System32\RPCRT4.dll
0x00007ff8ed780000 - 0x00007ff8ed788000 	C:\WINDOWS\System32\PSAPI.DLL
0x00007ff8d97f0000 - 0x00007ff8d9817000 	C:\WINDOWS\SYSTEM32\WINMM.dll
0x00007ff8dd5e0000 - 0x00007ff8dd5ea000 	C:\WINDOWS\SYSTEM32\VERSION.dll
0x00007ff8aa3a0000 - 0x00007ff8aa3a9000 	C:\WINDOWS\SYSTEM32\WSOCK32.dll
0x00007ff8edd30000 - 0x00007ff8edd9b000 	C:\WINDOWS\System32\ws2_32.DLL
0x00007ff8ea600000 - 0x00007ff8ea612000 	C:\WINDOWS\SYSTEM32\kernel.appcore.dll
0x00007ff8d3320000 - 0x00007ff8d3331000 	C:\Users\Prithin\AppData\Local\JetBrains\Toolbox\apps\AndroidStudio\ch-0\202.7486908\jre\bin\verify.dll
0x00007ff8ec4c0000 - 0x00007ff8ec6a4000 	C:\WINDOWS\SYSTEM32\DBGHELP.DLL
0x00007ff8ec2f0000 - 0x00007ff8ec31c000 	C:\WINDOWS\SYSTEM32\dbgcore.DLL
0x00007ff8ed050000 - 0x00007ff8ed0d3000 	C:\WINDOWS\System32\bcryptPrimitives.dll
0x00007ff8c70b0000 - 0x00007ff8c70d9000 	C:\Users\Prithin\AppData\Local\JetBrains\Toolbox\apps\AndroidStudio\ch-0\202.7486908\jre\bin\java.dll
0x00007ff8e2770000 - 0x00007ff8e277b000 	C:\Users\Prithin\AppData\Local\JetBrains\Toolbox\apps\AndroidStudio\ch-0\202.7486908\jre\bin\jimage.dll
0x00007ff8ca0d0000 - 0x00007ff8ca0e8000 	C:\Users\Prithin\AppData\Local\JetBrains\Toolbox\apps\AndroidStudio\ch-0\202.7486908\jre\bin\zip.dll
0x00007ff8edf10000 - 0x00007ff8ee64f000 	C:\WINDOWS\System32\SHELL32.dll
0x00007ff8e9e60000 - 0x00007ff8ea5f0000 	C:\WINDOWS\SYSTEM32\windows.storage.dll
0x00007ff8ed7c0000 - 0x00007ff8edb15000 	C:\WINDOWS\System32\combase.dll
0x00007ff8ebe50000 - 0x00007ff8ebe7c000 	C:\WINDOWS\SYSTEM32\Wldp.dll
0x00007ff8ed5c0000 - 0x00007ff8ed66e000 	C:\WINDOWS\System32\SHCORE.dll
0x00007ff8ef060000 - 0x00007ff8ef0b5000 	C:\WINDOWS\System32\shlwapi.dll
0x00007ff8eca80000 - 0x00007ff8eca9f000 	C:\WINDOWS\SYSTEM32\profapi.dll
0x00007ff8c7ec0000 - 0x00007ff8c7eda000 	C:\Users\Prithin\AppData\Local\JetBrains\Toolbox\apps\AndroidStudio\ch-0\202.7486908\jre\bin\net.dll
0x00007ff8e3680000 - 0x00007ff8e3788000 	C:\WINDOWS\SYSTEM32\WINHTTP.dll
0x00007ff8ebcf0000 - 0x00007ff8ebd5a000 	C:\WINDOWS\system32\mswsock.dll
0x00007ff8c6d90000 - 0x00007ff8c6da4000 	C:\Users\Prithin\AppData\Local\JetBrains\Toolbox\apps\AndroidStudio\ch-0\202.7486908\jre\bin\nio.dll
0x00007ff8c37a0000 - 0x00007ff8c37c7000 	C:\Users\Prithin\.gradle\native\fdc75f09e3144964f2cf3f50f0aa648679c211496f362492102eb8c894070792\windows-amd64\native-platform.dll
0x00007ff87fcd0000 - 0x00007ff87fe66000 	C:\Users\Prithin\.gradle\native\12488b8bf47d2d4c9fbf2f6322a914ad602e24e48041cd04a747c6da556b65c4\windows-amd64\native-platform-file-events.dll
0x00007ff8e0440000 - 0x00007ff8e044a000 	C:\Users\Prithin\AppData\Local\JetBrains\Toolbox\apps\AndroidStudio\ch-0\202.7486908\jre\bin\management.dll
0x00007ff8d4cf0000 - 0x00007ff8d4cfc000 	C:\Users\Prithin\AppData\Local\JetBrains\Toolbox\apps\AndroidStudio\ch-0\202.7486908\jre\bin\management_ext.dll
0x00007ff8ec850000 - 0x00007ff8ec868000 	C:\WINDOWS\SYSTEM32\CRYPTSP.dll
0x00007ff8eb550000 - 0x00007ff8eb584000 	C:\WINDOWS\system32\rsaenh.dll
0x00007ff8ed280000 - 0x00007ff8ed2a7000 	C:\WINDOWS\System32\bcrypt.dll
0x00007ff8eca00000 - 0x00007ff8eca2e000 	C:\WINDOWS\SYSTEM32\USERENV.dll
0x00007ff8ebc90000 - 0x00007ff8ebc9c000 	C:\WINDOWS\SYSTEM32\CRYPTBASE.dll
0x00007ff8eb8a0000 - 0x00007ff8eb8db000 	C:\WINDOWS\SYSTEM32\IPHLPAPI.DLL
0x00007ff8ee7d0000 - 0x00007ff8ee7d8000 	C:\WINDOWS\System32\NSI.dll
0x00007ff8deff0000 - 0x00007ff8df007000 	C:\WINDOWS\SYSTEM32\dhcpcsvc6.DLL
0x00007ff8df3f0000 - 0x00007ff8df40d000 	C:\WINDOWS\SYSTEM32\dhcpcsvc.DLL
0x00007ff8eb8e0000 - 0x00007ff8eb9ac000 	C:\WINDOWS\SYSTEM32\DNSAPI.dll
0x00007ff8e3660000 - 0x00007ff8e366b000 	C:\WINDOWS\SYSTEM32\WINNSI.DLL

dbghelp: loaded successfully - version: 4.0.5 - missing functions: none
symbol engine: initialized successfully - sym options: 0x614 - pdb path: .;C:\Users\Prithin\AppData\Local\JetBrains\Toolbox\apps\AndroidStudio\ch-0\202.7486908\jre\bin;C:\WINDOWS\SYSTEM32;C:\WINDOWS\WinSxS\amd64_microsoft.windows.common-controls_6595b64144ccf1df_6.0.19041.1110_none_60b5254171f9507e;C:\Users\Prithin\AppData\Local\JetBrains\Toolbox\apps\AndroidStudio\ch-0\202.7486908\jre\bin\server;C:\Users\Prithin\.gradle\native\fdc75f09e3144964f2cf3f50f0aa648679c211496f362492102eb8c894070792\windows-amd64;C:\Users\Prithin\.gradle\native\12488b8bf47d2d4c9fbf2f6322a914ad602e24e48041cd04a747c6da556b65c4\windows-amd64

VM Arguments:
jvm_args: --add-opens=java.base/java.util=ALL-UNNAMED --add-opens=java.base/java.lang=ALL-UNNAMED --add-opens=java.base/java.lang.invoke=ALL-UNNAMED --add-opens=java.prefs/java.util.prefs=ALL-UNNAMED -Xmx2048m -Dfile.encoding=UTF-8 -Duser.country=IN -Duser.language=en -Duser.variant 
java_command: org.gradle.launcher.daemon.bootstrap.GradleDaemon 6.7.1
java_class_path (initial): C:\Users\Prithin\.gradle\wrapper\dists\gradle-6.7.1-bin\bwlcbys1h7rz3272sye1xwiv6\gradle-6.7.1\lib\gradle-launcher-6.7.1.jar
Launcher Type: SUN_STANDARD

[Global flags]
     intx CICompilerCount                          = 4                                         {product} {ergonomic}
     uint ConcGCThreads                            = 2                                         {product} {ergonomic}
     uint G1ConcRefinementThreads                  = 8                                         {product} {ergonomic}
   size_t G1HeapRegionSize                         = 1048576                                   {product} {ergonomic}
    uintx GCDrainStackTargetSize                   = 64                                        {product} {ergonomic}
   size_t InitialHeapSize                          = 132120576                                 {product} {ergonomic}
   size_t MarkStackSize                            = 4194304                                   {product} {ergonomic}
   size_t MaxHeapSize                              = 2147483648                                {product} {command line}
   size_t MaxNewSize                               = 1287651328                                {product} {ergonomic}
   size_t MinHeapDeltaBytes                        = 1048576                                   {product} {ergonomic}
    uintx NonNMethodCodeHeapSize                   = 5836300                                {pd product} {ergonomic}
    uintx NonProfiledCodeHeapSize                  = 122910970                              {pd product} {ergonomic}
    uintx ProfiledCodeHeapSize                     = 122910970                              {pd product} {ergonomic}
    uintx ReservedCodeCacheSize                    = 251658240                              {pd product} {ergonomic}
     bool SegmentedCodeCache                       = true                                      {product} {ergonomic}
     bool UseCompressedClassPointers               = true                                 {lp64_product} {ergonomic}
     bool UseCompressedOops                        = true                                 {lp64_product} {ergonomic}
     bool UseG1GC                                  = true                                      {product} {ergonomic}
     bool UseLargePagesIndividualAllocation        = false                                  {pd product} {ergonomic}

Logging:
Log output configuration:
 #0: stdout all=warning uptime,level,tags
 #1: stderr all=off uptime,level,tags

Environment Variables:
JAVA_HOME=C:\Program Files\Java\jdk-16.0.1
PATH=C:\Program Files\Common Files\Oracle\Java\javapath;C:\WINDOWS\system32;C:\WINDOWS;C:\WINDOWS\System32\Wbem;C:\WINDOWS\System32\WindowsPowerShell\v1.0\;C:\WINDOWS\System32\OpenSSH\;C:\Program Files\Java\jdk-16.0.1\bin;C:\sqlite;C:\Program Files\Git\cmd;C:\MinGW\bin;C:\Program Files\Amazon\AWSCLIV2\;C:\Users\Prithin\AppData\Local\Programs\Python\Python39\Scripts\;C:\Users\Prithin\AppData\Local\Programs\Python\Python39\;C:\Program Files\Java\jdk-16.0.1\bin;C:\Users\Prithin\AppData\Local\Programs\Microsoft VS Code\bin;C:\Users\Prithin\AppData\Local\Microsoft\WindowsApps;
USERNAME=Prithin
OS=Windows_NT
PROCESSOR_IDENTIFIER=Intel64 Family 6 Model 142 Stepping 12, GenuineIntel



---------------  S Y S T E M  ---------------

OS: Windows 10 , 64 bit Build 19041 (10.0.19041.1151)
OS uptime: 7 days 21:08 hours

CPU:total 8 (initial active 8) (4 cores per cpu, 2 threads per core) family 6 model 142 stepping 12, cmov, cx8, fxsr, mmx, sse, sse2, sse3, ssse3, sse4.1, sse4.2, popcnt, avx, avx2, aes, clmul, erms, 3dnowpref, lzcnt, ht, tsc, tscinvbit, bmi1, bmi2, adx, fma

Memory: 4k page, system-wide physical 7974M (134M free)
TotalPageFile size 29340M (AvailPageFile size 0M)
current process WorkingSet (physical memory assigned to process): 186M, peak: 218M
current process commit charge ("private bytes"): 299M, peak: 300M

vm_info: OpenJDK 64-Bit Server VM (11.0.8+10-b944.6842174) for windows-amd64 JRE (11.0.8+10-b944.6842174), built on Sep 19 2020 01:11:42 by "builder" with MS VC++ 14.0 (VS2015)

END.
